<?xml version="1.0" encoding="UTF-8"?>
<!-- Generated by org.testng.reporters.JUnitReportReporter -->
<testsuite hostname="Chinna" name="com.hrm.qa.TestCases.LoginPageTest" tests="3" failures="0" timestamp="19 Dec 2019 12:36:47 GMT" time="27.704" errors="0">
  <testcase name="loginTest" time="12.268" classname="com.hrm.qa.TestCases.LoginPageTest"/>
  <testcase name="hrmlogoTest" time="9.088" classname="com.hrm.qa.TestCases.LoginPageTest"/>
  <testcase name="loginpageTitleTest" time="6.348" classname="com.hrm.qa.TestCases.LoginPageTest"/>
</testsuite> <!-- com.hrm.qa.TestCases.LoginPageTest -->
