<?xml version="1.0" encoding="UTF-8"?>
<!-- Generated by org.testng.reporters.JUnitReportReporter -->
<testsuite hostname="Chinna" name="com.hrm.qa.TestCases.PIMpageTest" tests="7" failures="0" timestamp="19 Dec 2019 12:36:47 GMT" time="90.776" errors="0">
  <testcase name="createnewempTest" time="12.931" classname="com.hrm.qa.TestCases.PIMpageTest"/>
  <testcase name="verifyPIMpageLabelTest" time="12.238" classname="com.hrm.qa.TestCases.PIMpageTest"/>
  <testcase name="createnewempTest" time="14.688" classname="com.hrm.qa.TestCases.PIMpageTest"/>
  <testcase name="createnewempTest" time="13.975" classname="com.hrm.qa.TestCases.PIMpageTest"/>
  <testcase name="createnewempTest" time="12.428" classname="com.hrm.qa.TestCases.PIMpageTest"/>
  <testcase name="selectMultiEmpIDSTest" time="12.100" classname="com.hrm.qa.TestCases.PIMpageTest"/>
  <testcase name="selectemployeebyIDTest" time="12.416" classname="com.hrm.qa.TestCases.PIMpageTest"/>
</testsuite> <!-- com.hrm.qa.TestCases.PIMpageTest -->
