<?xml version="1.0" encoding="UTF-8"?>
<!-- Generated by org.testng.reporters.JUnitReportReporter -->
<testsuite hostname="Chinna" name="com.hrm.qa.TestCases.HomePageTest" tests="3" failures="0" timestamp="19 Dec 2019 12:36:47 GMT" time="36.259" errors="0">
  <testcase name="verifyLeavelinkTest" time="14.134" classname="com.hrm.qa.TestCases.HomePageTest"/>
  <testcase name="verifyHomePageTitleTest" time="11.609" classname="com.hrm.qa.TestCases.HomePageTest"/>
  <testcase name="verifyUsernameTest" time="10.516" classname="com.hrm.qa.TestCases.HomePageTest"/>
</testsuite> <!-- com.hrm.qa.TestCases.HomePageTest -->
