<?xml version="1.0" encoding="UTF-8"?>
<!-- Generated by org.testng.reporters.JUnitReportReporter -->
<testsuite hostname="Chinna" name="com.hrm.qa.TestCases.HomePageTest" tests="3" failures="0" timestamp="19 Dec 2019 13:13:45 GMT" time="82.007" errors="0">
  <testcase name="verifyUsernameTest" time="32.826" classname="com.hrm.qa.TestCases.HomePageTest"/>
  <testcase name="verifyLeavelinkTest" time="21.957" classname="com.hrm.qa.TestCases.HomePageTest"/>
  <testcase name="verifyHomePageTitleTest" time="27.224" classname="com.hrm.qa.TestCases.HomePageTest"/>
</testsuite> <!-- com.hrm.qa.TestCases.HomePageTest -->
