<?xml version="1.0" encoding="UTF-8"?>
<!-- Generated by org.testng.reporters.JUnitReportReporter -->
<testsuite hostname="Chinna" name="com.hrm.qa.TestCases.LoginPageTest" tests="3" failures="0" timestamp="19 Dec 2019 13:13:45 GMT" time="61.377" errors="0">
  <testcase name="loginpageTitleTest" time="13.141" classname="com.hrm.qa.TestCases.LoginPageTest"/>
  <testcase name="hrmlogoTest" time="11.146" classname="com.hrm.qa.TestCases.LoginPageTest"/>
  <testcase name="loginTest" time="37.090" classname="com.hrm.qa.TestCases.LoginPageTest"/>
</testsuite> <!-- com.hrm.qa.TestCases.LoginPageTest -->
